0 info it worked if it ends with ok
1 verbose cli [ '/usr/local/bin/node',
1 verbose cli   '/Users/vladimirofitserov/.node_modules_global/bin/npm',
1 verbose cli   'run',
1 verbose cli   'eslint',
1 verbose cli   'src/index.js' ]
2 info using npm@4.1.2
3 info using node@v6.9.2
4 verbose run-script [ 'preeslint', 'eslint', 'posteslint' ]
5 info lifecycle ofitserov-first-try@0.3.0~preeslint: ofitserov-first-try@0.3.0
6 silly lifecycle ofitserov-first-try@0.3.0~preeslint: no script for preeslint, continuing
7 info lifecycle ofitserov-first-try@0.3.0~eslint: ofitserov-first-try@0.3.0
8 verbose lifecycle ofitserov-first-try@0.3.0~eslint: unsafe-perm in lifecycle true
9 verbose lifecycle ofitserov-first-try@0.3.0~eslint: PATH: /Users/vladimirofitserov/.node_modules_global/lib/node_modules/npm/bin/node-gyp-bin:/Users/vladimirofitserov/Projects/Sites/brainGames/node_modules/.bin:/Users/vladimirofitserov/Projects/Sites/brainGames/src/bin:/Users/vladimirofitserov/.node_modules_global/bin:/usr/local/bin:/usr/bin:/bin:/usr/sbin:/sbin:/opt/X11/bin:
10 verbose lifecycle ofitserov-first-try@0.3.0~eslint: CWD: /Users/vladimirofitserov/Projects/Sites/brainGames
11 silly lifecycle ofitserov-first-try@0.3.0~eslint: Args: [ '-c', 'eslint "src/index.js"' ]
12 silly lifecycle ofitserov-first-try@0.3.0~eslint: Returned: code: 1  signal: null
13 info lifecycle ofitserov-first-try@0.3.0~eslint: Failed to exec eslint script
14 verbose stack Error: ofitserov-first-try@0.3.0 eslint: `eslint "src/index.js"`
14 verbose stack Exit status 1
14 verbose stack     at EventEmitter.<anonymous> (/Users/vladimirofitserov/.node_modules_global/lib/node_modules/npm/lib/utils/lifecycle.js:279:16)
14 verbose stack     at emitTwo (events.js:106:13)
14 verbose stack     at EventEmitter.emit (events.js:191:7)
14 verbose stack     at ChildProcess.<anonymous> (/Users/vladimirofitserov/.node_modules_global/lib/node_modules/npm/lib/utils/spawn.js:40:14)
14 verbose stack     at emitTwo (events.js:106:13)
14 verbose stack     at ChildProcess.emit (events.js:191:7)
14 verbose stack     at maybeClose (internal/child_process.js:877:16)
14 verbose stack     at Process.ChildProcess._handle.onexit (internal/child_process.js:226:5)
15 verbose pkgid ofitserov-first-try@0.3.0
16 verbose cwd /Users/vladimirofitserov/Projects/Sites/brainGames/src
17 error Darwin 15.6.0
18 error argv "/usr/local/bin/node" "/Users/vladimirofitserov/.node_modules_global/bin/npm" "run" "eslint" "src/index.js"
19 error node v6.9.2
20 error npm  v4.1.2
21 error code ELIFECYCLE
22 error ofitserov-first-try@0.3.0 eslint: `eslint "src/index.js"`
22 error Exit status 1
23 error Failed at the ofitserov-first-try@0.3.0 eslint script 'eslint "src/index.js"'.
23 error Make sure you have the latest version of node.js and npm installed.
23 error If you do, this is most likely a problem with the ofitserov-first-try package,
23 error not with npm itself.
23 error Tell the author that this fails on your system:
23 error     eslint "src/index.js"
23 error You can get information on how to open an issue for this project with:
23 error     npm bugs ofitserov-first-try
23 error Or if that isn't available, you can get their info via:
23 error     npm owner ls ofitserov-first-try
23 error There is likely additional logging output above.
24 verbose exit [ 1, true ]
